<?xml version="1.0" encoding="UTF-8"?>
<testsuite name="loopingandRanges4.TestHalfPyramid" tests="5" skipped="0" failures="0" errors="0" timestamp="2019-05-10T16:02:38" hostname="ruslan-ThinkPad-T550" time="0.057">
  <properties/>
  <testcase name="testPyramid1" classname="loopingandRanges4.TestHalfPyramid" time="0.003"/>
  <testcase name="testPyramid2" classname="loopingandRanges4.TestHalfPyramid" time="0.051"/>
  <testcase name="testPyramid3" classname="loopingandRanges4.TestHalfPyramid" time="0.001"/>
  <testcase name="testPyramid4" classname="loopingandRanges4.TestHalfPyramid" time="0.001"/>
  <testcase name="testPyramid6" classname="loopingandRanges4.TestHalfPyramid" time="0.001"/>
  <system-out><![CDATA[]]></system-out>
  <system-err><![CDATA[]]></system-err>
</testsuite>
