<?xml version="1.0" encoding="UTF-8"?>
<testsuite name="functions1.TestFunctions1" tests="2" skipped="0" failures="0" errors="0" timestamp="2019-05-10T14:39:18" hostname="ruslan-ThinkPad-T550" time="0.002">
  <properties/>
  <testcase name="test1" classname="functions1.TestFunctions1" time="0.001"/>
  <testcase name="test2" classname="functions1.TestFunctions1" time="0.0"/>
  <system-out><![CDATA[]]></system-out>
  <system-err><![CDATA[]]></system-err>
</testsuite>
